D:\C++PROJECT\SJINLIVE555\BASICUSAGEENVIRONMENT\DEBUG\BASICHASHTABLE.OBJ
D:\C++PROJECT\SJINLIVE555\BASICUSAGEENVIRONMENT\DEBUG\BASICTASKSCHEDULER.OBJ
D:\C++PROJECT\SJINLIVE555\BASICUSAGEENVIRONMENT\DEBUG\BASICTASKSCHEDULER0.OBJ
D:\C++PROJECT\SJINLIVE555\BASICUSAGEENVIRONMENT\DEBUG\BASICUSAGEENVIRONMENT.OBJ
D:\C++PROJECT\SJINLIVE555\BASICUSAGEENVIRONMENT\DEBUG\BASICUSAGEENVIRONMENT0.OBJ
D:\C++PROJECT\SJINLIVE555\BASICUSAGEENVIRONMENT\DEBUG\DELAYQUEUE.OBJ
D:\C++PROJECT\SJINLIVE555\BASICUSAGEENVIRONMENT\DEBUG\VC100.PDB
D:\C++PROJECT\SJINLIVE555\OUTFILE\BASICUSAGEENVIRONMENT.LIB
D:\C++Project\StorageServer\BasicUsageEnvironment\..\outFile\BasicUsageEnvironment.lib
D:\C++Project\StorageServer\BasicUsageEnvironment\Debug\BasicHashTable.obj
D:\C++Project\StorageServer\BasicUsageEnvironment\Debug\BasicTaskScheduler.obj
D:\C++Project\StorageServer\BasicUsageEnvironment\Debug\BasicTaskScheduler0.obj
D:\C++Project\StorageServer\BasicUsageEnvironment\Debug\BasicUsageEnvironment.obj
D:\C++Project\StorageServer\BasicUsageEnvironment\Debug\BasicUsageEnvironment.write.1.tlog
D:\C++Project\StorageServer\BasicUsageEnvironment\Debug\BasicUsageEnvironment0.obj
D:\C++Project\StorageServer\BasicUsageEnvironment\Debug\cl.command.1.tlog
D:\C++Project\StorageServer\BasicUsageEnvironment\Debug\CL.read.1.tlog
D:\C++Project\StorageServer\BasicUsageEnvironment\Debug\CL.write.1.tlog
D:\C++Project\StorageServer\BasicUsageEnvironment\Debug\DelayQueue.obj
D:\C++Project\StorageServer\BasicUsageEnvironment\Debug\lib.command.1.tlog
D:\C++Project\StorageServer\BasicUsageEnvironment\Debug\Lib-link.read.1.tlog
D:\C++Project\StorageServer\BasicUsageEnvironment\Debug\Lib-link.write.1.tlog
D:\C++Project\StorageServer\BasicUsageEnvironment\Debug\vc100.idb
D:\C++Project\StorageServer\BasicUsageEnvironment\Debug\vc100.pdb
