D:\C++PROJECT\SJINLIVE555\DEBUG\MEDIASERVER.EXE
D:\C++PROJECT\SJINLIVE555\DEBUG\MEDIASERVER.ILK
D:\C++PROJECT\SJINLIVE555\DEBUG\MEDIASERVER.PDB
D:\C++PROJECT\SJINLIVE555\MEDIASERVER\DEBUG\DYNAMICRTSPSERVER.OBJ
D:\C++PROJECT\SJINLIVE555\MEDIASERVER\DEBUG\LIVE555MEDIASERVER.OBJ
D:\C++PROJECT\SJINLIVE555\MEDIASERVER\DEBUG\MEDIASERVER.EXE.INTERMEDIATE.MANIFEST
D:\C++PROJECT\SJINLIVE555\MEDIASERVER\DEBUG\VC100.PDB
D:\C++Project\StorageServer\Debug\mediaServer.exe
D:\C++Project\StorageServer\Debug\mediaServer.ilk
D:\C++Project\StorageServer\Debug\mediaServer.pdb
D:\C++Project\StorageServer\mediaServer\Debug\cl.command.1.tlog
D:\C++Project\StorageServer\mediaServer\Debug\CL.read.1.tlog
D:\C++Project\StorageServer\mediaServer\Debug\CL.write.1.tlog
D:\C++Project\StorageServer\mediaServer\Debug\DynamicRTSPServer.obj
D:\C++Project\StorageServer\mediaServer\Debug\link.command.1.tlog
D:\C++Project\StorageServer\mediaServer\Debug\link.read.1.tlog
D:\C++Project\StorageServer\mediaServer\Debug\link.write.1.tlog
D:\C++Project\StorageServer\mediaServer\Debug\live555MediaServer.obj
D:\C++Project\StorageServer\mediaServer\Debug\mediaServer.exe.intermediate.manifest
D:\C++Project\StorageServer\mediaServer\Debug\mediaServer.write.1.tlog
D:\C++Project\StorageServer\mediaServer\Debug\mt.command.1.tlog
D:\C++Project\StorageServer\mediaServer\Debug\mt.read.1.tlog
D:\C++Project\StorageServer\mediaServer\Debug\mt.write.1.tlog
D:\C++Project\StorageServer\mediaServer\Debug\vc100.idb
D:\C++Project\StorageServer\mediaServer\Debug\vc100.pdb
