D:\C++PROJECT\SJINLIVE555\LIVEMEDIA\DEBUG\AC3AUDIOFILESERVERMEDIASUBSESSION.OBJ
D:\C++PROJECT\SJINLIVE555\LIVEMEDIA\DEBUG\AC3AUDIORTPSINK.OBJ
D:\C++PROJECT\SJINLIVE555\LIVEMEDIA\DEBUG\AC3AUDIORTPSOURCE.OBJ
D:\C++PROJECT\SJINLIVE555\LIVEMEDIA\DEBUG\AC3AUDIOSTREAMFRAMER.OBJ
D:\C++PROJECT\SJINLIVE555\LIVEMEDIA\DEBUG\ADTSAUDIOFILESERVERMEDIASUBSESSION.OBJ
D:\C++PROJECT\SJINLIVE555\LIVEMEDIA\DEBUG\ADTSAUDIOFILESOURCE.OBJ
D:\C++PROJECT\SJINLIVE555\LIVEMEDIA\DEBUG\AMRAUDIOFILESERVERMEDIASUBSESSION.OBJ
D:\C++PROJECT\SJINLIVE555\LIVEMEDIA\DEBUG\AMRAUDIOFILESINK.OBJ
D:\C++PROJECT\SJINLIVE555\LIVEMEDIA\DEBUG\AMRAUDIOFILESOURCE.OBJ
D:\C++PROJECT\SJINLIVE555\LIVEMEDIA\DEBUG\AMRAUDIORTPSINK.OBJ
D:\C++PROJECT\SJINLIVE555\LIVEMEDIA\DEBUG\AMRAUDIORTPSOURCE.OBJ
D:\C++PROJECT\SJINLIVE555\LIVEMEDIA\DEBUG\AMRAUDIOSOURCE.OBJ
D:\C++PROJECT\SJINLIVE555\LIVEMEDIA\DEBUG\AUDIOINPUTDEVICE.OBJ
D:\C++PROJECT\SJINLIVE555\LIVEMEDIA\DEBUG\AUDIORTPSINK.OBJ
D:\C++PROJECT\SJINLIVE555\LIVEMEDIA\DEBUG\AVIFILESINK.OBJ
D:\C++PROJECT\SJINLIVE555\LIVEMEDIA\DEBUG\BASE64.OBJ
D:\C++PROJECT\SJINLIVE555\LIVEMEDIA\DEBUG\BASICUDPSINK.OBJ
D:\C++PROJECT\SJINLIVE555\LIVEMEDIA\DEBUG\BASICUDPSOURCE.OBJ
D:\C++PROJECT\SJINLIVE555\LIVEMEDIA\DEBUG\BITVECTOR.OBJ
D:\C++PROJECT\SJINLIVE555\LIVEMEDIA\DEBUG\BYTESTREAMFILESOURCE.OBJ
D:\C++PROJECT\SJINLIVE555\LIVEMEDIA\DEBUG\BYTESTREAMMEMORYBUFFERSOURCE.OBJ
D:\C++PROJECT\SJINLIVE555\LIVEMEDIA\DEBUG\BYTESTREAMMULTIFILESOURCE.OBJ
D:\C++PROJECT\SJINLIVE555\LIVEMEDIA\DEBUG\DARWININJECTOR.OBJ
D:\C++PROJECT\SJINLIVE555\LIVEMEDIA\DEBUG\DEVICESOURCE.OBJ
D:\C++PROJECT\SJINLIVE555\LIVEMEDIA\DEBUG\DIGESTAUTHENTICATION.OBJ
D:\C++PROJECT\SJINLIVE555\LIVEMEDIA\DEBUG\DVVIDEOFILESERVERMEDIASUBSESSION.OBJ
D:\C++PROJECT\SJINLIVE555\LIVEMEDIA\DEBUG\DVVIDEORTPSINK.OBJ
D:\C++PROJECT\SJINLIVE555\LIVEMEDIA\DEBUG\DVVIDEORTPSOURCE.OBJ
D:\C++PROJECT\SJINLIVE555\LIVEMEDIA\DEBUG\DVVIDEOSTREAMFRAMER.OBJ
D:\C++PROJECT\SJINLIVE555\LIVEMEDIA\DEBUG\EBMLNUMBER.OBJ
D:\C++PROJECT\SJINLIVE555\LIVEMEDIA\DEBUG\FILESERVERMEDIASUBSESSION.OBJ
D:\C++PROJECT\SJINLIVE555\LIVEMEDIA\DEBUG\FILESINK.OBJ
D:\C++PROJECT\SJINLIVE555\LIVEMEDIA\DEBUG\FRAMEDFILESOURCE.OBJ
D:\C++PROJECT\SJINLIVE555\LIVEMEDIA\DEBUG\FRAMEDFILTER.OBJ
D:\C++PROJECT\SJINLIVE555\LIVEMEDIA\DEBUG\FRAMEDSOURCE.OBJ
D:\C++PROJECT\SJINLIVE555\LIVEMEDIA\DEBUG\GSMAUDIORTPSINK.OBJ
D:\C++PROJECT\SJINLIVE555\LIVEMEDIA\DEBUG\H261VIDEORTPSOURCE.OBJ
D:\C++PROJECT\SJINLIVE555\LIVEMEDIA\DEBUG\H263PLUSVIDEOFILESERVERMEDIASUBSESSION.OBJ
D:\C++PROJECT\SJINLIVE555\LIVEMEDIA\DEBUG\H263PLUSVIDEORTPSINK.OBJ
D:\C++PROJECT\SJINLIVE555\LIVEMEDIA\DEBUG\H263PLUSVIDEORTPSOURCE.OBJ
D:\C++PROJECT\SJINLIVE555\LIVEMEDIA\DEBUG\H263PLUSVIDEOSTREAMFRAMER.OBJ
D:\C++PROJECT\SJINLIVE555\LIVEMEDIA\DEBUG\H263PLUSVIDEOSTREAMPARSER.OBJ
D:\C++PROJECT\SJINLIVE555\LIVEMEDIA\DEBUG\H264OR5VIDEOFILESINK.OBJ
D:\C++PROJECT\SJINLIVE555\LIVEMEDIA\DEBUG\H264OR5VIDEORTPSINK.OBJ
D:\C++PROJECT\SJINLIVE555\LIVEMEDIA\DEBUG\H264OR5VIDEOSTREAMDISCRETEFRAMER.OBJ
D:\C++PROJECT\SJINLIVE555\LIVEMEDIA\DEBUG\H264OR5VIDEOSTREAMFRAMER.OBJ
D:\C++PROJECT\SJINLIVE555\LIVEMEDIA\DEBUG\H264VIDEOFILESERVERMEDIASUBSESSION.OBJ
D:\C++PROJECT\SJINLIVE555\LIVEMEDIA\DEBUG\H264VIDEOFILESINK.OBJ
D:\C++PROJECT\SJINLIVE555\LIVEMEDIA\DEBUG\H264VIDEORTPSINK.OBJ
D:\C++PROJECT\SJINLIVE555\LIVEMEDIA\DEBUG\H264VIDEORTPSOURCE.OBJ
D:\C++PROJECT\SJINLIVE555\LIVEMEDIA\DEBUG\H264VIDEOSTREAMDISCRETEFRAMER.OBJ
D:\C++PROJECT\SJINLIVE555\LIVEMEDIA\DEBUG\H264VIDEOSTREAMFRAMER.OBJ
D:\C++PROJECT\SJINLIVE555\LIVEMEDIA\DEBUG\H265VIDEOFILESERVERMEDIASUBSESSION.OBJ
D:\C++PROJECT\SJINLIVE555\LIVEMEDIA\DEBUG\H265VIDEOFILESINK.OBJ
D:\C++PROJECT\SJINLIVE555\LIVEMEDIA\DEBUG\H265VIDEORTPSINK.OBJ
D:\C++PROJECT\SJINLIVE555\LIVEMEDIA\DEBUG\H265VIDEORTPSOURCE.OBJ
D:\C++PROJECT\SJINLIVE555\LIVEMEDIA\DEBUG\H265VIDEOSTREAMDISCRETEFRAMER.OBJ
D:\C++PROJECT\SJINLIVE555\LIVEMEDIA\DEBUG\H265VIDEOSTREAMFRAMER.OBJ
D:\C++PROJECT\SJINLIVE555\LIVEMEDIA\DEBUG\INPUTFILE.OBJ
D:\C++PROJECT\SJINLIVE555\LIVEMEDIA\DEBUG\JPEGVIDEORTPSINK.OBJ
D:\C++PROJECT\SJINLIVE555\LIVEMEDIA\DEBUG\JPEGVIDEORTPSOURCE.OBJ
D:\C++PROJECT\SJINLIVE555\LIVEMEDIA\DEBUG\JPEGVIDEOSOURCE.OBJ
D:\C++PROJECT\SJINLIVE555\LIVEMEDIA\DEBUG\LOCALE.OBJ
D:\C++PROJECT\SJINLIVE555\LIVEMEDIA\DEBUG\MATROSKADEMUXEDTRACK.OBJ
D:\C++PROJECT\SJINLIVE555\LIVEMEDIA\DEBUG\MATROSKAFILE.OBJ
D:\C++PROJECT\SJINLIVE555\LIVEMEDIA\DEBUG\MATROSKAFILEPARSER.OBJ
D:\C++PROJECT\SJINLIVE555\LIVEMEDIA\DEBUG\MATROSKAFILESERVERDEMUX.OBJ
D:\C++PROJECT\SJINLIVE555\LIVEMEDIA\DEBUG\MATROSKAFILESERVERMEDIASUBSESSION.OBJ
D:\C++PROJECT\SJINLIVE555\LIVEMEDIA\DEBUG\MEDIA.OBJ
D:\C++PROJECT\SJINLIVE555\LIVEMEDIA\DEBUG\MEDIASESSION.OBJ
D:\C++PROJECT\SJINLIVE555\LIVEMEDIA\DEBUG\MEDIASINK.OBJ
D:\C++PROJECT\SJINLIVE555\LIVEMEDIA\DEBUG\MEDIASOURCE.OBJ
D:\C++PROJECT\SJINLIVE555\LIVEMEDIA\DEBUG\MP3ADU.OBJ
D:\C++PROJECT\SJINLIVE555\LIVEMEDIA\DEBUG\MP3ADUDESCRIPTOR.OBJ
D:\C++PROJECT\SJINLIVE555\LIVEMEDIA\DEBUG\MP3ADUINTERLEAVING.OBJ
D:\C++PROJECT\SJINLIVE555\LIVEMEDIA\DEBUG\MP3ADURTPSINK.OBJ
D:\C++PROJECT\SJINLIVE555\LIVEMEDIA\DEBUG\MP3ADURTPSOURCE.OBJ
D:\C++PROJECT\SJINLIVE555\LIVEMEDIA\DEBUG\MP3ADUTRANSCODER.OBJ
D:\C++PROJECT\SJINLIVE555\LIVEMEDIA\DEBUG\MP3AUDIOFILESERVERMEDIASUBSESSION.OBJ
D:\C++PROJECT\SJINLIVE555\LIVEMEDIA\DEBUG\MP3AUDIOMATROSKAFILESERVERMEDIASUBSESSION.OBJ
D:\C++PROJECT\SJINLIVE555\LIVEMEDIA\DEBUG\MP3FILESOURCE.OBJ
D:\C++PROJECT\SJINLIVE555\LIVEMEDIA\DEBUG\MP3INTERNALS.OBJ
D:\C++PROJECT\SJINLIVE555\LIVEMEDIA\DEBUG\MP3INTERNALSHUFFMAN.OBJ
D:\C++PROJECT\SJINLIVE555\LIVEMEDIA\DEBUG\MP3INTERNALSHUFFMANTABLE.OBJ
D:\C++PROJECT\SJINLIVE555\LIVEMEDIA\DEBUG\MP3STREAMSTATE.OBJ
D:\C++PROJECT\SJINLIVE555\LIVEMEDIA\DEBUG\MP3TRANSCODER.OBJ
D:\C++PROJECT\SJINLIVE555\LIVEMEDIA\DEBUG\MPEG1OR2AUDIORTPSINK.OBJ
D:\C++PROJECT\SJINLIVE555\LIVEMEDIA\DEBUG\MPEG1OR2AUDIORTPSOURCE.OBJ
D:\C++PROJECT\SJINLIVE555\LIVEMEDIA\DEBUG\MPEG1OR2AUDIOSTREAMFRAMER.OBJ
D:\C++PROJECT\SJINLIVE555\LIVEMEDIA\DEBUG\MPEG1OR2DEMUX.OBJ
D:\C++PROJECT\SJINLIVE555\LIVEMEDIA\DEBUG\MPEG1OR2DEMUXEDELEMENTARYSTREAM.OBJ
D:\C++PROJECT\SJINLIVE555\LIVEMEDIA\DEBUG\MPEG1OR2DEMUXEDSERVERMEDIASUBSESSION.OBJ
D:\C++PROJECT\SJINLIVE555\LIVEMEDIA\DEBUG\MPEG1OR2FILESERVERDEMUX.OBJ
D:\C++PROJECT\SJINLIVE555\LIVEMEDIA\DEBUG\MPEG1OR2VIDEOFILESERVERMEDIASUBSESSION.OBJ
D:\C++PROJECT\SJINLIVE555\LIVEMEDIA\DEBUG\MPEG1OR2VIDEORTPSINK.OBJ
D:\C++PROJECT\SJINLIVE555\LIVEMEDIA\DEBUG\MPEG1OR2VIDEORTPSOURCE.OBJ
D:\C++PROJECT\SJINLIVE555\LIVEMEDIA\DEBUG\MPEG1OR2VIDEOSTREAMDISCRETEFRAMER.OBJ
D:\C++PROJECT\SJINLIVE555\LIVEMEDIA\DEBUG\MPEG1OR2VIDEOSTREAMFRAMER.OBJ
D:\C++PROJECT\SJINLIVE555\LIVEMEDIA\DEBUG\MPEG2INDEXFROMTRANSPORTSTREAM.OBJ
D:\C++PROJECT\SJINLIVE555\LIVEMEDIA\DEBUG\MPEG2TRANSPORTFILESERVERMEDIASUBSESSION.OBJ
D:\C++PROJECT\SJINLIVE555\LIVEMEDIA\DEBUG\MPEG2TRANSPORTSTREAMFRAMER.OBJ
D:\C++PROJECT\SJINLIVE555\LIVEMEDIA\DEBUG\MPEG2TRANSPORTSTREAMFROMESSOURCE.OBJ
D:\C++PROJECT\SJINLIVE555\LIVEMEDIA\DEBUG\MPEG2TRANSPORTSTREAMFROMPESSOURCE.OBJ
D:\C++PROJECT\SJINLIVE555\LIVEMEDIA\DEBUG\MPEG2TRANSPORTSTREAMINDEXFILE.OBJ
D:\C++PROJECT\SJINLIVE555\LIVEMEDIA\DEBUG\MPEG2TRANSPORTSTREAMMULTIPLEXOR.OBJ
D:\C++PROJECT\SJINLIVE555\LIVEMEDIA\DEBUG\MPEG2TRANSPORTSTREAMTRICKMODEFILTER.OBJ
D:\C++PROJECT\SJINLIVE555\LIVEMEDIA\DEBUG\MPEG2TRANSPORTUDPSERVERMEDIASUBSESSION.OBJ
D:\C++PROJECT\SJINLIVE555\LIVEMEDIA\DEBUG\MPEG4ESVIDEORTPSINK.OBJ
D:\C++PROJECT\SJINLIVE555\LIVEMEDIA\DEBUG\MPEG4ESVIDEORTPSOURCE.OBJ
D:\C++PROJECT\SJINLIVE555\LIVEMEDIA\DEBUG\MPEG4GENERICRTPSINK.OBJ
D:\C++PROJECT\SJINLIVE555\LIVEMEDIA\DEBUG\MPEG4GENERICRTPSOURCE.OBJ
D:\C++PROJECT\SJINLIVE555\LIVEMEDIA\DEBUG\MPEG4LATMAUDIORTPSINK.OBJ
D:\C++PROJECT\SJINLIVE555\LIVEMEDIA\DEBUG\MPEG4LATMAUDIORTPSOURCE.OBJ
D:\C++PROJECT\SJINLIVE555\LIVEMEDIA\DEBUG\MPEG4VIDEOFILESERVERMEDIASUBSESSION.OBJ
D:\C++PROJECT\SJINLIVE555\LIVEMEDIA\DEBUG\MPEG4VIDEOSTREAMDISCRETEFRAMER.OBJ
D:\C++PROJECT\SJINLIVE555\LIVEMEDIA\DEBUG\MPEG4VIDEOSTREAMFRAMER.OBJ
D:\C++PROJECT\SJINLIVE555\LIVEMEDIA\DEBUG\MPEGVIDEOSTREAMFRAMER.OBJ
D:\C++PROJECT\SJINLIVE555\LIVEMEDIA\DEBUG\MPEGVIDEOSTREAMPARSER.OBJ
D:\C++PROJECT\SJINLIVE555\LIVEMEDIA\DEBUG\MULTIFRAMEDRTPSINK.OBJ
D:\C++PROJECT\SJINLIVE555\LIVEMEDIA\DEBUG\MULTIFRAMEDRTPSOURCE.OBJ
D:\C++PROJECT\SJINLIVE555\LIVEMEDIA\DEBUG\OGGDEMUXEDTRACK.OBJ
D:\C++PROJECT\SJINLIVE555\LIVEMEDIA\DEBUG\OGGFILE.OBJ
D:\C++PROJECT\SJINLIVE555\LIVEMEDIA\DEBUG\OGGFILEPARSER.OBJ
D:\C++PROJECT\SJINLIVE555\LIVEMEDIA\DEBUG\OGGFILESERVERDEMUX.OBJ
D:\C++PROJECT\SJINLIVE555\LIVEMEDIA\DEBUG\OGGFILESERVERMEDIASUBSESSION.OBJ
D:\C++PROJECT\SJINLIVE555\LIVEMEDIA\DEBUG\OGGFILESINK.OBJ
D:\C++PROJECT\SJINLIVE555\LIVEMEDIA\DEBUG\ONDEMANDSERVERMEDIASUBSESSION.OBJ
D:\C++PROJECT\SJINLIVE555\LIVEMEDIA\DEBUG\OURMD5.OBJ
D:\C++PROJECT\SJINLIVE555\LIVEMEDIA\DEBUG\OUTPUTFILE.OBJ
D:\C++PROJECT\SJINLIVE555\LIVEMEDIA\DEBUG\PASSIVESERVERMEDIASUBSESSION.OBJ
D:\C++PROJECT\SJINLIVE555\LIVEMEDIA\DEBUG\PROXYSERVERMEDIASESSION.OBJ
D:\C++PROJECT\SJINLIVE555\LIVEMEDIA\DEBUG\QCELPAUDIORTPSOURCE.OBJ
D:\C++PROJECT\SJINLIVE555\LIVEMEDIA\DEBUG\QUICKTIMEFILESINK.OBJ
D:\C++PROJECT\SJINLIVE555\LIVEMEDIA\DEBUG\QUICKTIMEGENERICRTPSOURCE.OBJ
D:\C++PROJECT\SJINLIVE555\LIVEMEDIA\DEBUG\RTCP.OBJ
D:\C++PROJECT\SJINLIVE555\LIVEMEDIA\DEBUG\RTCP_FROM_SPEC.OBJ
D:\C++PROJECT\SJINLIVE555\LIVEMEDIA\DEBUG\RTPINTERFACE.OBJ
D:\C++PROJECT\SJINLIVE555\LIVEMEDIA\DEBUG\RTPSINK.OBJ
D:\C++PROJECT\SJINLIVE555\LIVEMEDIA\DEBUG\RTPSOURCE.OBJ
D:\C++PROJECT\SJINLIVE555\LIVEMEDIA\DEBUG\RTSPCLIENT.OBJ
D:\C++PROJECT\SJINLIVE555\LIVEMEDIA\DEBUG\RTSPCOMMON.OBJ
D:\C++PROJECT\SJINLIVE555\LIVEMEDIA\DEBUG\RTSPREGISTERSENDER.OBJ
D:\C++PROJECT\SJINLIVE555\LIVEMEDIA\DEBUG\RTSPSERVER.OBJ
D:\C++PROJECT\SJINLIVE555\LIVEMEDIA\DEBUG\RTSPSERVERSUPPORTINGHTTPSTREAMING.OBJ
D:\C++PROJECT\SJINLIVE555\LIVEMEDIA\DEBUG\SERVERMEDIASESSION.OBJ
D:\C++PROJECT\SJINLIVE555\LIVEMEDIA\DEBUG\SIMPLERTPSINK.OBJ
D:\C++PROJECT\SJINLIVE555\LIVEMEDIA\DEBUG\SIMPLERTPSOURCE.OBJ
D:\C++PROJECT\SJINLIVE555\LIVEMEDIA\DEBUG\SIPCLIENT.OBJ
D:\C++PROJECT\SJINLIVE555\LIVEMEDIA\DEBUG\STREAMPARSER.OBJ
D:\C++PROJECT\SJINLIVE555\LIVEMEDIA\DEBUG\STREAMREPLICATOR.OBJ
D:\C++PROJECT\SJINLIVE555\LIVEMEDIA\DEBUG\T140TEXTRTPSINK.OBJ
D:\C++PROJECT\SJINLIVE555\LIVEMEDIA\DEBUG\TCPSTREAMSINK.OBJ
D:\C++PROJECT\SJINLIVE555\LIVEMEDIA\DEBUG\TEXTRTPSINK.OBJ
D:\C++PROJECT\SJINLIVE555\LIVEMEDIA\DEBUG\THEORAVIDEORTPSINK.OBJ
D:\C++PROJECT\SJINLIVE555\LIVEMEDIA\DEBUG\THEORAVIDEORTPSOURCE.OBJ
D:\C++PROJECT\SJINLIVE555\LIVEMEDIA\DEBUG\ULAWAUDIOFILTER.OBJ
D:\C++PROJECT\SJINLIVE555\LIVEMEDIA\DEBUG\VC100.PDB
D:\C++PROJECT\SJINLIVE555\LIVEMEDIA\DEBUG\VIDEORTPSINK.OBJ
D:\C++PROJECT\SJINLIVE555\LIVEMEDIA\DEBUG\VORBISAUDIORTPSINK.OBJ
D:\C++PROJECT\SJINLIVE555\LIVEMEDIA\DEBUG\VORBISAUDIORTPSOURCE.OBJ
D:\C++PROJECT\SJINLIVE555\LIVEMEDIA\DEBUG\VP8VIDEORTPSINK.OBJ
D:\C++PROJECT\SJINLIVE555\LIVEMEDIA\DEBUG\VP8VIDEORTPSOURCE.OBJ
D:\C++PROJECT\SJINLIVE555\LIVEMEDIA\DEBUG\WAVAUDIOFILESERVERMEDIASUBSESSION.OBJ
D:\C++PROJECT\SJINLIVE555\LIVEMEDIA\DEBUG\WAVAUDIOFILESOURCE.OBJ
D:\C++PROJECT\SJINLIVE555\OUTFILE\LIVEMEDIA.LIB
D:\C++Project\StorageServer\liveMedia\..\outFile\liveMedia.lib
D:\C++Project\StorageServer\liveMedia\Debug\AC3AudioFileServerMediaSubsession.obj
D:\C++Project\StorageServer\liveMedia\Debug\AC3AudioRTPSink.obj
D:\C++Project\StorageServer\liveMedia\Debug\AC3AudioRTPSource.obj
D:\C++Project\StorageServer\liveMedia\Debug\AC3AudioStreamFramer.obj
D:\C++Project\StorageServer\liveMedia\Debug\ADTSAudioFileServerMediaSubsession.obj
D:\C++Project\StorageServer\liveMedia\Debug\ADTSAudioFileSource.obj
D:\C++Project\StorageServer\liveMedia\Debug\AMRAudioFileServerMediaSubsession.obj
D:\C++Project\StorageServer\liveMedia\Debug\AMRAudioFileSink.obj
D:\C++Project\StorageServer\liveMedia\Debug\AMRAudioFileSource.obj
D:\C++Project\StorageServer\liveMedia\Debug\AMRAudioRTPSink.obj
D:\C++Project\StorageServer\liveMedia\Debug\AMRAudioRTPSource.obj
D:\C++Project\StorageServer\liveMedia\Debug\AMRAudioSource.obj
D:\C++Project\StorageServer\liveMedia\Debug\AudioInputDevice.obj
D:\C++Project\StorageServer\liveMedia\Debug\AudioRTPSink.obj
D:\C++Project\StorageServer\liveMedia\Debug\AVIFileSink.obj
D:\C++Project\StorageServer\liveMedia\Debug\Base64.obj
D:\C++Project\StorageServer\liveMedia\Debug\BasicUDPSink.obj
D:\C++Project\StorageServer\liveMedia\Debug\BasicUDPSource.obj
D:\C++Project\StorageServer\liveMedia\Debug\BitVector.obj
D:\C++Project\StorageServer\liveMedia\Debug\ByteStreamFileSource.obj
D:\C++Project\StorageServer\liveMedia\Debug\ByteStreamMemoryBufferSource.obj
D:\C++Project\StorageServer\liveMedia\Debug\ByteStreamMultiFileSource.obj
D:\C++Project\StorageServer\liveMedia\Debug\cl.command.1.tlog
D:\C++Project\StorageServer\liveMedia\Debug\CL.read.1.tlog
D:\C++Project\StorageServer\liveMedia\Debug\CL.write.1.tlog
D:\C++Project\StorageServer\liveMedia\Debug\DarwinInjector.obj
D:\C++Project\StorageServer\liveMedia\Debug\DeviceSource.obj
D:\C++Project\StorageServer\liveMedia\Debug\DigestAuthentication.obj
D:\C++Project\StorageServer\liveMedia\Debug\DVVideoFileServerMediaSubsession.obj
D:\C++Project\StorageServer\liveMedia\Debug\DVVideoRTPSink.obj
D:\C++Project\StorageServer\liveMedia\Debug\DVVideoRTPSource.obj
D:\C++Project\StorageServer\liveMedia\Debug\DVVideoStreamFramer.obj
D:\C++Project\StorageServer\liveMedia\Debug\EBMLNumber.obj
D:\C++Project\StorageServer\liveMedia\Debug\FileServerMediaSubsession.obj
D:\C++Project\StorageServer\liveMedia\Debug\FileSink.obj
D:\C++Project\StorageServer\liveMedia\Debug\FramedFileSource.obj
D:\C++Project\StorageServer\liveMedia\Debug\FramedFilter.obj
D:\C++Project\StorageServer\liveMedia\Debug\FramedSource.obj
D:\C++Project\StorageServer\liveMedia\Debug\GSMAudioRTPSink.obj
D:\C++Project\StorageServer\liveMedia\Debug\H261VideoRTPSource.obj
D:\C++Project\StorageServer\liveMedia\Debug\H263plusVideoFileServerMediaSubsession.obj
D:\C++Project\StorageServer\liveMedia\Debug\H263plusVideoRTPSink.obj
D:\C++Project\StorageServer\liveMedia\Debug\H263plusVideoRTPSource.obj
D:\C++Project\StorageServer\liveMedia\Debug\H263plusVideoStreamFramer.obj
D:\C++Project\StorageServer\liveMedia\Debug\H263plusVideoStreamParser.obj
D:\C++Project\StorageServer\liveMedia\Debug\H264or5VideoFileSink.obj
D:\C++Project\StorageServer\liveMedia\Debug\H264or5VideoRTPSink.obj
D:\C++Project\StorageServer\liveMedia\Debug\H264or5VideoStreamDiscreteFramer.obj
D:\C++Project\StorageServer\liveMedia\Debug\H264or5VideoStreamFramer.obj
D:\C++Project\StorageServer\liveMedia\Debug\H264VideoFileServerMediaSubsession.obj
D:\C++Project\StorageServer\liveMedia\Debug\H264VideoFileSink.obj
D:\C++Project\StorageServer\liveMedia\Debug\H264VideoRTPSink.obj
D:\C++Project\StorageServer\liveMedia\Debug\H264VideoRTPSource.obj
D:\C++Project\StorageServer\liveMedia\Debug\H264VideoStreamDiscreteFramer.obj
D:\C++Project\StorageServer\liveMedia\Debug\H264VideoStreamFramer.obj
D:\C++Project\StorageServer\liveMedia\Debug\H265VideoFileServerMediaSubsession.obj
D:\C++Project\StorageServer\liveMedia\Debug\H265VideoFileSink.obj
D:\C++Project\StorageServer\liveMedia\Debug\H265VideoRTPSink.obj
D:\C++Project\StorageServer\liveMedia\Debug\H265VideoRTPSource.obj
D:\C++Project\StorageServer\liveMedia\Debug\H265VideoStreamDiscreteFramer.obj
D:\C++Project\StorageServer\liveMedia\Debug\H265VideoStreamFramer.obj
D:\C++Project\StorageServer\liveMedia\Debug\InputFile.obj
D:\C++Project\StorageServer\liveMedia\Debug\JPEGVideoRTPSink.obj
D:\C++Project\StorageServer\liveMedia\Debug\JPEGVideoRTPSource.obj
D:\C++Project\StorageServer\liveMedia\Debug\JPEGVideoSource.obj
D:\C++Project\StorageServer\liveMedia\Debug\lib.command.1.tlog
D:\C++Project\StorageServer\liveMedia\Debug\Lib-link.read.1.tlog
D:\C++Project\StorageServer\liveMedia\Debug\Lib-link.write.1.tlog
D:\C++Project\StorageServer\liveMedia\Debug\liveMedia.write.1.tlog
D:\C++Project\StorageServer\liveMedia\Debug\Locale.obj
D:\C++Project\StorageServer\liveMedia\Debug\MatroskaDemuxedTrack.obj
D:\C++Project\StorageServer\liveMedia\Debug\MatroskaFile.obj
D:\C++Project\StorageServer\liveMedia\Debug\MatroskaFileParser.obj
D:\C++Project\StorageServer\liveMedia\Debug\MatroskaFileServerDemux.obj
D:\C++Project\StorageServer\liveMedia\Debug\MatroskaFileServerMediaSubsession.obj
D:\C++Project\StorageServer\liveMedia\Debug\Media.obj
D:\C++Project\StorageServer\liveMedia\Debug\MediaSession.obj
D:\C++Project\StorageServer\liveMedia\Debug\MediaSink.obj
D:\C++Project\StorageServer\liveMedia\Debug\MediaSource.obj
D:\C++Project\StorageServer\liveMedia\Debug\MP3ADU.obj
D:\C++Project\StorageServer\liveMedia\Debug\MP3ADUdescriptor.obj
D:\C++Project\StorageServer\liveMedia\Debug\MP3ADUinterleaving.obj
D:\C++Project\StorageServer\liveMedia\Debug\MP3ADURTPSink.obj
D:\C++Project\StorageServer\liveMedia\Debug\MP3ADURTPSource.obj
D:\C++Project\StorageServer\liveMedia\Debug\MP3ADUTranscoder.obj
D:\C++Project\StorageServer\liveMedia\Debug\MP3AudioFileServerMediaSubsession.obj
D:\C++Project\StorageServer\liveMedia\Debug\MP3AudioMatroskaFileServerMediaSubsession.obj
D:\C++Project\StorageServer\liveMedia\Debug\MP3FileSource.obj
D:\C++Project\StorageServer\liveMedia\Debug\MP3Internals.obj
D:\C++Project\StorageServer\liveMedia\Debug\MP3InternalsHuffman.obj
D:\C++Project\StorageServer\liveMedia\Debug\MP3InternalsHuffmanTable.obj
D:\C++Project\StorageServer\liveMedia\Debug\MP3StreamState.obj
D:\C++Project\StorageServer\liveMedia\Debug\MP3Transcoder.obj
D:\C++Project\StorageServer\liveMedia\Debug\MPEG1or2AudioRTPSink.obj
D:\C++Project\StorageServer\liveMedia\Debug\MPEG1or2AudioRTPSource.obj
D:\C++Project\StorageServer\liveMedia\Debug\MPEG1or2AudioStreamFramer.obj
D:\C++Project\StorageServer\liveMedia\Debug\MPEG1or2Demux.obj
D:\C++Project\StorageServer\liveMedia\Debug\MPEG1or2DemuxedElementaryStream.obj
D:\C++Project\StorageServer\liveMedia\Debug\MPEG1or2DemuxedServerMediaSubsession.obj
D:\C++Project\StorageServer\liveMedia\Debug\MPEG1or2FileServerDemux.obj
D:\C++Project\StorageServer\liveMedia\Debug\MPEG1or2VideoFileServerMediaSubsession.obj
D:\C++Project\StorageServer\liveMedia\Debug\MPEG1or2VideoRTPSink.obj
D:\C++Project\StorageServer\liveMedia\Debug\MPEG1or2VideoRTPSource.obj
D:\C++Project\StorageServer\liveMedia\Debug\MPEG1or2VideoStreamDiscreteFramer.obj
D:\C++Project\StorageServer\liveMedia\Debug\MPEG1or2VideoStreamFramer.obj
D:\C++Project\StorageServer\liveMedia\Debug\MPEG2IndexFromTransportStream.obj
D:\C++Project\StorageServer\liveMedia\Debug\MPEG2TransportFileServerMediaSubsession.obj
D:\C++Project\StorageServer\liveMedia\Debug\MPEG2TransportStreamFramer.obj
D:\C++Project\StorageServer\liveMedia\Debug\MPEG2TransportStreamFromESSource.obj
D:\C++Project\StorageServer\liveMedia\Debug\MPEG2TransportStreamFromPESSource.obj
D:\C++Project\StorageServer\liveMedia\Debug\MPEG2TransportStreamIndexFile.obj
D:\C++Project\StorageServer\liveMedia\Debug\MPEG2TransportStreamMultiplexor.obj
D:\C++Project\StorageServer\liveMedia\Debug\MPEG2TransportStreamTrickModeFilter.obj
D:\C++Project\StorageServer\liveMedia\Debug\MPEG2TransportUDPServerMediaSubsession.obj
D:\C++Project\StorageServer\liveMedia\Debug\MPEG4ESVideoRTPSink.obj
D:\C++Project\StorageServer\liveMedia\Debug\MPEG4ESVideoRTPSource.obj
D:\C++Project\StorageServer\liveMedia\Debug\MPEG4GenericRTPSink.obj
D:\C++Project\StorageServer\liveMedia\Debug\MPEG4GenericRTPSource.obj
D:\C++Project\StorageServer\liveMedia\Debug\MPEG4LATMAudioRTPSink.obj
D:\C++Project\StorageServer\liveMedia\Debug\MPEG4LATMAudioRTPSource.obj
D:\C++Project\StorageServer\liveMedia\Debug\MPEG4VideoFileServerMediaSubsession.obj
D:\C++Project\StorageServer\liveMedia\Debug\MPEG4VideoStreamDiscreteFramer.obj
D:\C++Project\StorageServer\liveMedia\Debug\MPEG4VideoStreamFramer.obj
D:\C++Project\StorageServer\liveMedia\Debug\MPEGVideoStreamFramer.obj
D:\C++Project\StorageServer\liveMedia\Debug\MPEGVideoStreamParser.obj
D:\C++Project\StorageServer\liveMedia\Debug\MultiFramedRTPSink.obj
D:\C++Project\StorageServer\liveMedia\Debug\MultiFramedRTPSource.obj
D:\C++Project\StorageServer\liveMedia\Debug\OggDemuxedTrack.obj
D:\C++Project\StorageServer\liveMedia\Debug\OggFile.obj
D:\C++Project\StorageServer\liveMedia\Debug\OggFileParser.obj
D:\C++Project\StorageServer\liveMedia\Debug\OggFileServerDemux.obj
D:\C++Project\StorageServer\liveMedia\Debug\OggFileServerMediaSubsession.obj
D:\C++Project\StorageServer\liveMedia\Debug\OggFileSink.obj
D:\C++Project\StorageServer\liveMedia\Debug\OnDemandServerMediaSubsession.obj
D:\C++Project\StorageServer\liveMedia\Debug\ourMD5.obj
D:\C++Project\StorageServer\liveMedia\Debug\OutputFile.obj
D:\C++Project\StorageServer\liveMedia\Debug\PassiveServerMediaSubsession.obj
D:\C++Project\StorageServer\liveMedia\Debug\ProxyServerMediaSession.obj
D:\C++Project\StorageServer\liveMedia\Debug\QCELPAudioRTPSource.obj
D:\C++Project\StorageServer\liveMedia\Debug\QuickTimeFileSink.obj
D:\C++Project\StorageServer\liveMedia\Debug\QuickTimeGenericRTPSource.obj
D:\C++Project\StorageServer\liveMedia\Debug\RTCP.obj
D:\C++Project\StorageServer\liveMedia\Debug\rtcp_from_spec.obj
D:\C++Project\StorageServer\liveMedia\Debug\RTPInterface.obj
D:\C++Project\StorageServer\liveMedia\Debug\RTPSink.obj
D:\C++Project\StorageServer\liveMedia\Debug\RTPSource.obj
D:\C++Project\StorageServer\liveMedia\Debug\RTSPClient.obj
D:\C++Project\StorageServer\liveMedia\Debug\RTSPCommon.obj
D:\C++Project\StorageServer\liveMedia\Debug\RTSPRegisterSender.obj
D:\C++Project\StorageServer\liveMedia\Debug\RTSPServer.obj
D:\C++Project\StorageServer\liveMedia\Debug\RTSPServerSupportingHTTPStreaming.obj
D:\C++Project\StorageServer\liveMedia\Debug\ServerMediaSession.obj
D:\C++Project\StorageServer\liveMedia\Debug\SimpleRTPSink.obj
D:\C++Project\StorageServer\liveMedia\Debug\SimpleRTPSource.obj
D:\C++Project\StorageServer\liveMedia\Debug\SIPClient.obj
D:\C++Project\StorageServer\liveMedia\Debug\StreamParser.obj
D:\C++Project\StorageServer\liveMedia\Debug\StreamReplicator.obj
D:\C++Project\StorageServer\liveMedia\Debug\T140TextRTPSink.obj
D:\C++Project\StorageServer\liveMedia\Debug\TCPStreamSink.obj
D:\C++Project\StorageServer\liveMedia\Debug\TextRTPSink.obj
D:\C++Project\StorageServer\liveMedia\Debug\TheoraVideoRTPSink.obj
D:\C++Project\StorageServer\liveMedia\Debug\TheoraVideoRTPSource.obj
D:\C++Project\StorageServer\liveMedia\Debug\uLawAudioFilter.obj
D:\C++Project\StorageServer\liveMedia\Debug\vc100.idb
D:\C++Project\StorageServer\liveMedia\Debug\vc100.pdb
D:\C++Project\StorageServer\liveMedia\Debug\VideoRTPSink.obj
D:\C++Project\StorageServer\liveMedia\Debug\VorbisAudioRTPSink.obj
D:\C++Project\StorageServer\liveMedia\Debug\VorbisAudioRTPSource.obj
D:\C++Project\StorageServer\liveMedia\Debug\VP8VideoRTPSink.obj
D:\C++Project\StorageServer\liveMedia\Debug\VP8VideoRTPSource.obj
D:\C++Project\StorageServer\liveMedia\Debug\WAVAudioFileServerMediaSubsession.obj
D:\C++Project\StorageServer\liveMedia\Debug\WAVAudioFileSource.obj
