D:\C++PROJECT\SJINLIVE555\OUTFILE\WINDOWSAUDIOINPUTDEVICE.LIB
D:\C++PROJECT\SJINLIVE555\WINDOWSAUDIOINPUTDEVICE\DEBUG\SHOWAUDIOINPUTPORTS.OBJ
D:\C++PROJECT\SJINLIVE555\WINDOWSAUDIOINPUTDEVICE\DEBUG\VC100.PDB
D:\C++PROJECT\SJINLIVE555\WINDOWSAUDIOINPUTDEVICE\DEBUG\WINDOWSAUDIOINPUTDEVICE_COMMON.OBJ
D:\C++PROJECT\SJINLIVE555\WINDOWSAUDIOINPUTDEVICE\DEBUG\WINDOWSAUDIOINPUTDEVICE_MIXER.OBJ
D:\C++PROJECT\SJINLIVE555\WINDOWSAUDIOINPUTDEVICE\DEBUG\WINDOWSAUDIOINPUTDEVICE_NOMIXER.OBJ
D:\C++Project\StorageServer\WindowsAudioInputDevice\..\outFile\WindowsAudioInputDevice.lib
D:\C++Project\StorageServer\WindowsAudioInputDevice\Debug\cl.command.1.tlog
D:\C++Project\StorageServer\WindowsAudioInputDevice\Debug\CL.read.1.tlog
D:\C++Project\StorageServer\WindowsAudioInputDevice\Debug\CL.write.1.tlog
D:\C++Project\StorageServer\WindowsAudioInputDevice\Debug\lib.command.1.tlog
D:\C++Project\StorageServer\WindowsAudioInputDevice\Debug\Lib-link.read.1.tlog
D:\C++Project\StorageServer\WindowsAudioInputDevice\Debug\Lib-link.write.1.tlog
D:\C++Project\StorageServer\WindowsAudioInputDevice\Debug\showAudioInputPorts.obj
D:\C++Project\StorageServer\WindowsAudioInputDevice\Debug\vc100.idb
D:\C++Project\StorageServer\WindowsAudioInputDevice\Debug\vc100.pdb
D:\C++Project\StorageServer\WindowsAudioInputDevice\Debug\WindowsAudioInputDevice.write.1.tlog
D:\C++Project\StorageServer\WindowsAudioInputDevice\Debug\WindowsAudioInputDevice_common.obj
D:\C++Project\StorageServer\WindowsAudioInputDevice\Debug\WindowsAudioInputDevice_mixer.obj
D:\C++Project\StorageServer\WindowsAudioInputDevice\Debug\WindowsAudioInputDevice_noMixer.obj
