D:\C++PROJECT\STORAGESERVER\DEBUG\STORAGESERVER.EXE
D:\C++PROJECT\STORAGESERVER\DEBUG\STORAGESERVER.ILK
D:\C++PROJECT\STORAGESERVER\DEBUG\STORAGESERVER.PDB
D:\C++Project\StorageServer\StorageServer\Debug\cl.command.1.tlog
D:\C++Project\StorageServer\StorageServer\Debug\CL.read.1.tlog
D:\C++Project\StorageServer\StorageServer\Debug\CL.write.1.tlog
D:\C++Project\StorageServer\StorageServer\Debug\link.4748.read.1.tlog
D:\C++Project\StorageServer\StorageServer\Debug\link.4748.read.2.tlog
D:\C++Project\StorageServer\StorageServer\Debug\link.4748.write.1.tlog
D:\C++Project\StorageServer\StorageServer\Debug\link.4748-cvtres.read.1.tlog
D:\C++Project\StorageServer\StorageServer\Debug\link.4748-cvtres.write.1.tlog
D:\C++Project\StorageServer\StorageServer\Debug\link.command.1.tlog
D:\C++Project\StorageServer\StorageServer\Debug\link.read.1.tlog
D:\C++Project\StorageServer\StorageServer\Debug\link.read.2.tlog
D:\C++Project\StorageServer\StorageServer\Debug\link.write.1.tlog
D:\C++Project\StorageServer\StorageServer\Debug\link-cvtres.read.1.tlog
D:\C++Project\StorageServer\StorageServer\Debug\link-cvtres.write.1.tlog
D:\C++Project\StorageServer\StorageServer\Debug\mt.command.1.tlog
D:\C++Project\StorageServer\StorageServer\Debug\mt.read.1.tlog
D:\C++Project\StorageServer\StorageServer\Debug\mt.write.1.tlog
D:\C++PROJECT\STORAGESERVER\STORAGESERVER\DEBUG\MUTEXQUEUE.OBJ
D:\C++PROJECT\STORAGESERVER\STORAGESERVER\DEBUG\OURRTSPCLIENT.OBJ
D:\C++Project\StorageServer\StorageServer\Debug\rc.command.1.tlog
D:\C++Project\StorageServer\StorageServer\Debug\rc.read.1.tlog
D:\C++Project\StorageServer\StorageServer\Debug\rc.write.1.tlog
D:\C++PROJECT\STORAGESERVER\STORAGESERVER\DEBUG\STORAGESERVER.EXE.EMBED.MANIFEST
D:\C++PROJECT\STORAGESERVER\STORAGESERVER\DEBUG\STORAGESERVER.EXE.EMBED.MANIFEST.RES
D:\C++PROJECT\STORAGESERVER\STORAGESERVER\DEBUG\STORAGESERVER.EXE.INTERMEDIATE.MANIFEST
D:\C++PROJECT\STORAGESERVER\STORAGESERVER\DEBUG\STORAGESERVER.OBJ
D:\C++Project\StorageServer\StorageServer\Debug\StorageServer.vcxprojResolveAssemblyReference.cache
D:\C++Project\StorageServer\StorageServer\Debug\StorageServer.write.1.tlog
D:\C++Project\StorageServer\StorageServer\Debug\StorageServer_manifest.rc
D:\C++PROJECT\STORAGESERVER\STORAGESERVER\DEBUG\SYS_OS.OBJ
D:\C++PROJECT\STORAGESERVER\STORAGESERVER\DEBUG\TINYSTR.OBJ
D:\C++PROJECT\STORAGESERVER\STORAGESERVER\DEBUG\TINYXML.OBJ
D:\C++PROJECT\STORAGESERVER\STORAGESERVER\DEBUG\TINYXMLERROR.OBJ
D:\C++PROJECT\STORAGESERVER\STORAGESERVER\DEBUG\TINYXMLPARSER.OBJ
D:\C++Project\StorageServer\StorageServer\Debug\vc100.idb
D:\C++PROJECT\STORAGESERVER\STORAGESERVER\DEBUG\VC100.PDB
