D:\C++PROJECT\SJINLIVE555\GROUPSOCK\DEBUG\GROUPEID.OBJ
D:\C++PROJECT\SJINLIVE555\GROUPSOCK\DEBUG\GROUPSOCK.OBJ
D:\C++PROJECT\SJINLIVE555\GROUPSOCK\DEBUG\GROUPSOCKHELPER.OBJ
D:\C++PROJECT\SJINLIVE555\GROUPSOCK\DEBUG\INET.OBJ
D:\C++PROJECT\SJINLIVE555\GROUPSOCK\DEBUG\IOHANDLERS.OBJ
D:\C++PROJECT\SJINLIVE555\GROUPSOCK\DEBUG\NETADDRESS.OBJ
D:\C++PROJECT\SJINLIVE555\GROUPSOCK\DEBUG\NETINTERFACE.OBJ
D:\C++PROJECT\SJINLIVE555\GROUPSOCK\DEBUG\VC100.PDB
D:\C++PROJECT\SJINLIVE555\OUTFILE\GROUPSOCK.LIB
D:\C++Project\StorageServer\groupsock\..\outFile\groupsock.lib
D:\C++Project\StorageServer\groupsock\Debug\cl.command.1.tlog
D:\C++Project\StorageServer\groupsock\Debug\CL.read.1.tlog
D:\C++Project\StorageServer\groupsock\Debug\CL.write.1.tlog
D:\C++Project\StorageServer\groupsock\Debug\GroupEId.obj
D:\C++Project\StorageServer\groupsock\Debug\Groupsock.obj
D:\C++Project\StorageServer\groupsock\Debug\groupsock.write.1.tlog
D:\C++Project\StorageServer\groupsock\Debug\GroupsockHelper.obj
D:\C++Project\StorageServer\groupsock\Debug\inet.obj
D:\C++Project\StorageServer\groupsock\Debug\IOHandlers.obj
D:\C++Project\StorageServer\groupsock\Debug\lib.command.1.tlog
D:\C++Project\StorageServer\groupsock\Debug\Lib-link.read.1.tlog
D:\C++Project\StorageServer\groupsock\Debug\Lib-link.write.1.tlog
D:\C++Project\StorageServer\groupsock\Debug\NetAddress.obj
D:\C++Project\StorageServer\groupsock\Debug\NetInterface.obj
D:\C++Project\StorageServer\groupsock\Debug\vc100.idb
D:\C++Project\StorageServer\groupsock\Debug\vc100.pdb
